mode: set
github.com/ahmedkhaeld/recipes-api/handlers/auth.go:17.85,22.2 1 0
github.com/ahmedkhaeld/recipes-api/handlers/auth.go:24.79,26.30 1 0
github.com/ahmedkhaeld/recipes-api/handlers/auth.go:26.30,34.17 6 0
github.com/ahmedkhaeld/recipes-api/handlers/auth.go:39.3,39.11 1 0
github.com/ahmedkhaeld/recipes-api/handlers/auth.go:34.17,38.4 3 0
github.com/ahmedkhaeld/recipes-api/handlers/handler.go:25.118,31.2 1 1
github.com/ahmedkhaeld/recipes-api/handlers/handler.go:43.65,50.50 2 1
github.com/ahmedkhaeld/recipes-api/handlers/handler.go:55.2,58.16 4 1
github.com/ahmedkhaeld/recipes-api/handlers/handler.go:69.2,72.31 3 1
github.com/ahmedkhaeld/recipes-api/handlers/handler.go:50.50,53.3 2 0
github.com/ahmedkhaeld/recipes-api/handlers/handler.go:58.16,61.3 2 0
github.com/ahmedkhaeld/recipes-api/handlers/handler.go:83.67,85.22 2 1
github.com/ahmedkhaeld/recipes-api/handlers/handler.go:85.22,88.17 3 1
github.com/ahmedkhaeld/recipes-api/handlers/handler.go:92.3,95.29 3 1
github.com/ahmedkhaeld/recipes-api/handlers/handler.go:101.3,103.33 3 1
github.com/ahmedkhaeld/recipes-api/handlers/handler.go:88.17,91.4 2 0
github.com/ahmedkhaeld/recipes-api/handlers/handler.go:95.29,99.4 3 1
github.com/ahmedkhaeld/recipes-api/handlers/handler.go:104.8,104.23 1 0
github.com/ahmedkhaeld/recipes-api/handlers/handler.go:104.23,107.3 2 0
github.com/ahmedkhaeld/recipes-api/handlers/handler.go:107.8,112.3 4 0
github.com/ahmedkhaeld/recipes-api/handlers/handler.go:133.68,136.50 3 1
github.com/ahmedkhaeld/recipes-api/handlers/handler.go:141.2,150.16 3 1
github.com/ahmedkhaeld/recipes-api/handlers/handler.go:156.2,156.68 1 1
github.com/ahmedkhaeld/recipes-api/handlers/handler.go:136.50,140.3 2 0
github.com/ahmedkhaeld/recipes-api/handlers/handler.go:150.16,155.3 3 0
github.com/ahmedkhaeld/recipes-api/handlers/handler.go:175.68,179.16 4 1
github.com/ahmedkhaeld/recipes-api/handlers/handler.go:183.2,183.68 1 1
github.com/ahmedkhaeld/recipes-api/handlers/handler.go:179.16,182.3 2 0
github.com/ahmedkhaeld/recipes-api/handlers/handler.go:202.68,210.16 6 0
github.com/ahmedkhaeld/recipes-api/handlers/handler.go:215.2,215.31 1 0
github.com/ahmedkhaeld/recipes-api/handlers/handler.go:210.16,213.3 2 0
github.com/ahmedkhaeld/recipes-api/handlers/middleware.go:10.39,11.30 1 0
github.com/ahmedkhaeld/recipes-api/handlers/middleware.go:11.30,12.43 1 0
github.com/ahmedkhaeld/recipes-api/handlers/middleware.go:15.3,15.11 1 0
github.com/ahmedkhaeld/recipes-api/handlers/middleware.go:12.43,14.4 1 0
